<?xml version="1.0" encoding="UTF-8"?>
<testsuite name="com.order.ecommerce.controller.OrderControllerTest" tests="3" skipped="0" failures="0" errors="0" timestamp="2023-01-06T20:31:24" hostname="Sunilkumars-MacBook-Pro.local" time="1.641">
  <properties/>
  <testcase name="testGetOrder()" classname="com.order.ecommerce.controller.OrderControllerTest" time="1.579"/>
  <testcase name="testCreateOrder()" classname="com.order.ecommerce.controller.OrderControllerTest" time="0.019"/>
  <testcase name="testPatchOrder()" classname="com.order.ecommerce.controller.OrderControllerTest" time="0.019"/>
  <system-out><![CDATA[]]></system-out>
  <system-err><![CDATA[]]></system-err>
</testsuite>
